04.03.19-15:45 Info: "GameTree", main.cpp
04.03.19-15:45 Debug: Language Change, mainwindow.cpp
04.03.19-15:45 Info: Audioplayer initialization, mainwindow.cpp
04.03.19-15:45 Info: Get Data From DB, mainwindow.cpp
04.03.19-15:45 Debug: DB Connected, mainwindow.cpp
04.03.19-15:45 Debug: "C:/Qt/project/GameTree", mainwindow.cpp
04.03.19-15:45 Debug: Load settings, mainwindow.cpp
04.03.19-15:45 Debug: Language Change, mainwindow.cpp
04.03.19-15:45 Debug: Language Change, mainwindow.cpp
04.03.19-15:45 Debug: Language Change, mainwindow.cpp
04.03.19-15:45 Debug: Language Change, mainwindow.cpp
04.03.19-15:45 Debug: Language Change, mainwindow.cpp
04.03.19-15:45 Debug: Language Change, mainwindow.cpp
04.03.19-15:45 Debug: Language Change, mainwindow.cpp
04.03.19-15:45 Debug: Language Change, mainwindow.cpp
04.03.19-15:45 Debug: false, mainwindow.cpp
04.03.19-15:45 Debug: true, mainwindow.cpp
04.03.19-15:45 Debug: 5, mainwindow.cpp
04.03.19-15:45 Debug: false, mainwindow.cpp
04.03.19-15:45 Debug: 8, mainwindow.cpp
04.03.19-15:45 Debug: 10, mainwindow.cpp
04.03.19-15:45 Debug: Language Change, mainwindow.cpp
04.03.19-15:45 Debug: Language Change, mainwindow.cpp
04.03.19-15:45 Debug: Language Change, mainwindow.cpp
04.03.19-15:45 Debug: Language Change, mainwindow.cpp
04.03.19-15:45 Debug: Language Change, mainwindow.cpp
04.03.19-15:45 Debug: Language Change, mainwindow.cpp
04.03.19-15:45 Debug: Language Change, mainwindow.cpp
04.03.19-15:45 Debug: Language Change, mainwindow.cpp
04.03.19-15:45 Debug: Language Change, mainwindow.cpp
04.03.19-15:45 Debug: Language Change, mainwindow.cpp
04.03.19-15:45 Warning: setGeometry: Unable to set geometry 261x175+666+361 on QWidgetWindow/'OptionsDialogWindow'. Resulting geometry:  269x179+666+361 (frame: 8, 30, 8, 8, custom margin: 0, 0, 0, 0, minimum size: 269x179, maximum size: 16777215x16777215)., qwindowswindow.cpp
04.03.19-15:45 Debug: Language Change, mainwindow.cpp
04.03.19-15:45 Debug: Language Change, mainwindow.cpp
04.03.19-15:45 Debug: Language Change, mainwindow.cpp
04.03.19-15:47 Debug: Save settings, mainwindow.cpp
04.03.19-15:47 Info: "GameTree", main.cpp
04.03.19-15:47 Debug: Language Change, mainwindow.cpp
04.03.19-15:47 Info: Audioplayer initialization, mainwindow.cpp
04.03.19-15:47 Info: Get Data From DB, mainwindow.cpp
04.03.19-15:47 Debug: DB Connected, mainwindow.cpp
04.03.19-15:47 Debug: "C:/Qt/project/GameTree", mainwindow.cpp
04.03.19-15:47 Debug: Load settings, mainwindow.cpp
04.03.19-15:47 Debug: Language Change, mainwindow.cpp
04.03.19-15:47 Debug: Language Change, mainwindow.cpp
04.03.19-15:47 Debug: Language Change, mainwindow.cpp
04.03.19-15:47 Debug: Language Change, mainwindow.cpp
04.03.19-15:47 Debug: Language Change, mainwindow.cpp
04.03.19-15:47 Debug: Language Change, mainwindow.cpp
04.03.19-15:47 Debug: false, mainwindow.cpp
04.03.19-15:47 Debug: false, mainwindow.cpp
04.03.19-15:47 Debug: 1, mainwindow.cpp
04.03.19-15:47 Debug: false, mainwindow.cpp
04.03.19-15:47 Debug: 1, mainwindow.cpp
04.03.19-15:47 Debug: 2, mainwindow.cpp
04.03.19-15:47 Debug: Language Change, mainwindow.cpp
04.03.19-15:47 Debug: Language Change, mainwindow.cpp
04.03.19-15:47 Debug: Language Change, mainwindow.cpp
04.03.19-15:47 Debug: Language Change, mainwindow.cpp
04.03.19-15:47 Debug: Language Change, mainwindow.cpp
04.03.19-15:47 Debug: Language Change, mainwindow.cpp
04.03.19-15:47 Debug: Language Change, mainwindow.cpp
04.03.19-15:47 Warning: setGeometry: Unable to set geometry 261x175+666+361 on QWidgetWindow/'OptionsDialogWindow'. Resulting geometry:  269x179+666+361 (frame: 8, 30, 8, 8, custom margin: 0, 0, 0, 0, minimum size: 269x179, maximum size: 16777215x16777215)., qwindowswindow.cpp
04.03.19-15:47 Debug: Language Change, mainwindow.cpp
04.03.19-15:47 Debug: Language Change, mainwindow.cpp
04.03.19-15:47 Debug: Language Change, mainwindow.cpp
04.03.19-15:47 Debug: Language Change, mainwindow.cpp
04.03.19-15:47 Debug: Save settings, mainwindow.cpp
04.03.19-15:47 Info: "GameTree", main.cpp
04.03.19-15:47 Debug: Language Change, mainwindow.cpp
04.03.19-15:47 Info: Audioplayer initialization, mainwindow.cpp
04.03.19-15:47 Info: Get Data From DB, mainwindow.cpp
04.03.19-15:47 Debug: DB Connected, mainwindow.cpp
04.03.19-15:47 Debug: "C:/Qt/project/GameTree", mainwindow.cpp
04.03.19-15:47 Debug: Load settings, mainwindow.cpp
04.03.19-15:47 Debug: Language Change, mainwindow.cpp
04.03.19-15:47 Debug: Language Change, mainwindow.cpp
04.03.19-15:47 Debug: Language Change, mainwindow.cpp
04.03.19-15:47 Debug: Language Change, mainwindow.cpp
04.03.19-15:47 Debug: Language Change, mainwindow.cpp
04.03.19-15:47 Debug: Language Change, mainwindow.cpp
04.03.19-15:47 Debug: Language Change, mainwindow.cpp
04.03.19-15:47 Debug: Language Change, mainwindow.cpp
04.03.19-15:47 Debug: false, mainwindow.cpp
04.03.19-15:47 Debug: true, mainwindow.cpp
04.03.19-15:47 Debug: 1, mainwindow.cpp
04.03.19-15:47 Debug: false, mainwindow.cpp
04.03.19-15:47 Debug: 5, mainwindow.cpp
04.03.19-15:47 Debug: 10, mainwindow.cpp
04.03.19-15:47 Debug: Language Change, mainwindow.cpp
04.03.19-15:47 Debug: Language Change, mainwindow.cpp
04.03.19-15:47 Debug: Language Change, mainwindow.cpp
04.03.19-15:47 Debug: Language Change, mainwindow.cpp
04.03.19-15:47 Debug: Language Change, mainwindow.cpp
04.03.19-15:47 Debug: Language Change, mainwindow.cpp
04.03.19-15:47 Debug: Language Change, mainwindow.cpp
04.03.19-15:47 Debug: Language Change, mainwindow.cpp
04.03.19-15:47 Debug: Language Change, mainwindow.cpp
04.03.19-15:47 Debug: Language Change, mainwindow.cpp
04.03.19-15:47 Warning: setGeometry: Unable to set geometry 261x175+655+363 on QWidgetWindow/'OptionsDialogWindow'. Resulting geometry:  290x175+655+363 (frame: 8, 30, 8, 8, custom margin: 0, 0, 0, 0, minimum size: 290x173, maximum size: 16777215x16777215)., qwindowswindow.cpp
04.03.19-15:47 Debug: Language Change, mainwindow.cpp
04.03.19-15:47 Debug: Language Change, mainwindow.cpp
04.03.19-15:47 Debug: Save settings, mainwindow.cpp
04.03.19-15:48 Info: "GameTree", main.cpp
04.03.19-15:48 Debug: Language Change, mainwindow.cpp
04.03.19-15:48 Info: Audioplayer initialization, mainwindow.cpp
04.03.19-15:48 Info: Get Data From DB, mainwindow.cpp
04.03.19-15:48 Debug: DB Connected, mainwindow.cpp
04.03.19-15:48 Debug: "C:/Qt/project/GameTree", mainwindow.cpp
04.03.19-15:48 Debug: Load settings, mainwindow.cpp
04.03.19-15:48 Debug: Language Change, mainwindow.cpp
04.03.19-15:48 Debug: Language Change, mainwindow.cpp
04.03.19-15:48 Debug: Language Change, mainwindow.cpp
04.03.19-15:48 Debug: Language Change, mainwindow.cpp
04.03.19-15:48 Debug: Language Change, mainwindow.cpp
04.03.19-15:48 Debug: Language Change, mainwindow.cpp
04.03.19-15:48 Debug: false, mainwindow.cpp
04.03.19-15:48 Debug: false, mainwindow.cpp
04.03.19-15:48 Debug: 1, mainwindow.cpp
04.03.19-15:48 Debug: false, mainwindow.cpp
04.03.19-15:48 Debug: 1, mainwindow.cpp
04.03.19-15:48 Debug: 2, mainwindow.cpp
04.03.19-15:48 Debug: Language Change, mainwindow.cpp
04.03.19-15:48 Debug: Language Change, mainwindow.cpp
04.03.19-15:48 Debug: Language Change, mainwindow.cpp
04.03.19-15:48 Debug: Language Change, mainwindow.cpp
04.03.19-15:48 Debug: Language Change, mainwindow.cpp
04.03.19-15:48 Debug: Language Change, mainwindow.cpp
04.03.19-15:48 Debug: Language Change, mainwindow.cpp
04.03.19-15:48 Warning: setGeometry: Unable to set geometry 261x175+666+361 on QWidgetWindow/'OptionsDialogWindow'. Resulting geometry:  269x179+666+361 (frame: 8, 30, 8, 8, custom margin: 0, 0, 0, 0, minimum size: 269x179, maximum size: 16777215x16777215)., qwindowswindow.cpp
04.03.19-15:48 Debug: Language Change, mainwindow.cpp
04.03.19-15:48 Debug: Language Change, mainwindow.cpp
04.03.19-15:48 Debug: Language Change, mainwindow.cpp
04.03.19-15:48 Debug: Save settings, mainwindow.cpp
04.03.19-15:48 Info: "GameTree", main.cpp
04.03.19-15:48 Debug: Language Change, mainwindow.cpp
04.03.19-15:48 Info: Audioplayer initialization, mainwindow.cpp
04.03.19-15:48 Info: Get Data From DB, mainwindow.cpp
04.03.19-15:48 Debug: DB Connected, mainwindow.cpp
04.03.19-15:48 Debug: "C:/Qt/project/GameTree", mainwindow.cpp
04.03.19-15:48 Debug: Load settings, mainwindow.cpp
04.03.19-15:48 Debug: Language Change, mainwindow.cpp
04.03.19-15:48 Debug: Language Change, mainwindow.cpp
04.03.19-15:48 Debug: Language Change, mainwindow.cpp
04.03.19-15:48 Debug: Language Change, mainwindow.cpp
04.03.19-15:48 Debug: Language Change, mainwindow.cpp
04.03.19-15:48 Debug: Language Change, mainwindow.cpp
04.03.19-15:48 Debug: true, mainwindow.cpp
04.03.19-15:48 Debug: false, mainwindow.cpp
04.03.19-15:48 Debug: 1, mainwindow.cpp
04.03.19-15:48 Debug: false, mainwindow.cpp
04.03.19-15:48 Debug: 5, mainwindow.cpp
04.03.19-15:48 Debug: 2, mainwindow.cpp
04.03.19-15:48 Debug: Language Change, mainwindow.cpp
04.03.19-15:48 Debug: Language Change, mainwindow.cpp
04.03.19-15:48 Debug: Language Change, mainwindow.cpp
04.03.19-15:48 Debug: Language Change, mainwindow.cpp
04.03.19-15:48 Debug: Language Change, mainwindow.cpp
04.03.19-15:48 Debug: Language Change, mainwindow.cpp
04.03.19-15:48 Debug: Language Change, mainwindow.cpp
04.03.19-15:49 Debug: Save settings, mainwindow.cpp
04.03.19-15:54 Info: "GameTree", main.cpp
04.03.19-15:54 Debug: Language Change, mainwindow.cpp
04.03.19-15:54 Info: Audioplayer initialization, mainwindow.cpp
04.03.19-15:54 Info: Get Data From DB, mainwindow.cpp
04.03.19-15:54 Debug: DB Connected, mainwindow.cpp
04.03.19-15:54 Debug: "C:/Qt/project/GameTree", mainwindow.cpp
04.03.19-15:54 Debug: Load settings, mainwindow.cpp
04.03.19-15:54 Debug: Language Change, mainwindow.cpp
04.03.19-15:54 Debug: Language Change, mainwindow.cpp
04.03.19-15:54 Debug: Language Change, mainwindow.cpp
04.03.19-15:54 Debug: Language Change, mainwindow.cpp
04.03.19-15:54 Debug: Language Change, mainwindow.cpp
04.03.19-15:54 Debug: Language Change, mainwindow.cpp
04.03.19-15:54 Debug: Language Change, mainwindow.cpp
04.03.19-15:54 Debug: Language Change, mainwindow.cpp
04.03.19-15:54 Debug: Save settings, mainwindow.cpp
